<?xml version="1.0" encoding="UTF-8"?>
<testng-results skipped="0" failed="0" total="1" passed="1">
  <reporter-output>
  </reporter-output>
  <suite name="Default suite" duration-ms="1010" started-at="2018-03-18T18:14:31Z" finished-at="2018-03-18T18:14:32Z">
    <groups>
    </groups>
    <test name="Default test" duration-ms="1010" started-at="2018-03-18T18:14:31Z" finished-at="2018-03-18T18:14:32Z">
      <class name="idv.hsiehpinghan.jenaarqassistant.assistant.JenaAssistantTest">
        <test-method status="PASS" signature="springTestContextBeforeTestClass()[pri:0, instance:idv.hsiehpinghan.jenaarqassistant.assistant.JenaAssistantTest@13c27452]" name="springTestContextBeforeTestClass" is-config="true" duration-ms="6" started-at="2018-03-19T02:14:31Z" finished-at="2018-03-19T02:14:31Z">
          <reporter-output>
          </reporter-output>
        </test-method> <!-- springTestContextBeforeTestClass -->
        <test-method status="PASS" signature="springTestContextPrepareTestInstance()[pri:0, instance:idv.hsiehpinghan.jenaarqassistant.assistant.JenaAssistantTest@13c27452]" name="springTestContextPrepareTestInstance" is-config="true" duration-ms="264" started-at="2018-03-19T02:14:31Z" depends-on-methods="org.springframework.test.context.testng.AbstractTestNGSpringContextTests.springTestContextBeforeTestClass" finished-at="2018-03-19T02:14:31Z">
          <reporter-output>
          </reporter-output>
        </test-method> <!-- springTestContextPrepareTestInstance -->
        <test-method status="PASS" signature="springTestContextBeforeTestMethod(java.lang.reflect.Method)[pri:0, instance:idv.hsiehpinghan.jenaarqassistant.assistant.JenaAssistantTest@13c27452]" name="springTestContextBeforeTestMethod" is-config="true" duration-ms="1" started-at="2018-03-19T02:14:31Z" finished-at="2018-03-19T02:14:31Z">
          <params>
            <param index="0">
              <value>
                <![CDATA[public void idv.hsiehpinghan.jenaarqassistant.assistant.JenaAssistantTest.query() throws java.lang.Exception]]>
              </value>
            </param>
          </params>
          <reporter-output>
          </reporter-output>
        </test-method> <!-- springTestContextBeforeTestMethod -->
        <test-method status="PASS" signature="query()[pri:0, instance:idv.hsiehpinghan.jenaarqassistant.assistant.JenaAssistantTest@13c27452]" name="query" duration-ms="725" started-at="2018-03-19T02:14:31Z" finished-at="2018-03-19T02:14:32Z">
          <reporter-output>
          </reporter-output>
        </test-method> <!-- query -->
        <test-method status="PASS" signature="springTestContextAfterTestMethod(java.lang.reflect.Method)[pri:0, instance:idv.hsiehpinghan.jenaarqassistant.assistant.JenaAssistantTest@13c27452]" name="springTestContextAfterTestMethod" is-config="true" duration-ms="2" started-at="2018-03-19T02:14:32Z" finished-at="2018-03-19T02:14:32Z">
          <params>
            <param index="0">
              <value>
                <![CDATA[public void idv.hsiehpinghan.jenaarqassistant.assistant.JenaAssistantTest.query() throws java.lang.Exception]]>
              </value>
            </param>
          </params>
          <reporter-output>
          </reporter-output>
        </test-method> <!-- springTestContextAfterTestMethod -->
        <test-method status="PASS" signature="springTestContextAfterTestClass()[pri:0, instance:idv.hsiehpinghan.jenaarqassistant.assistant.JenaAssistantTest@13c27452]" name="springTestContextAfterTestClass" is-config="true" duration-ms="1" started-at="2018-03-19T02:14:32Z" finished-at="2018-03-19T02:14:32Z">
          <reporter-output>
          </reporter-output>
        </test-method> <!-- springTestContextAfterTestClass -->
      </class> <!-- idv.hsiehpinghan.jenaarqassistant.assistant.JenaAssistantTest -->
    </test> <!-- Default test -->
  </suite> <!-- Default suite -->
</testng-results>
